mode: atomic
github.com/Layr-Labs/eigenx-kms-go/pkg/merkle/merkle.go:20.74,21.20 1 25
github.com/Layr-Labs/eigenx-kms-go/pkg/merkle/merkle.go:21.20,23.3 1 1
github.com/Layr-Labs/eigenx-kms-go/pkg/merkle/merkle.go:26.2,30.33 3 24
github.com/Layr-Labs/eigenx-kms-go/pkg/merkle/merkle.go:30.33,32.3 1 587
github.com/Layr-Labs/eigenx-kms-go/pkg/merkle/merkle.go:35.2,39.28 4 24
github.com/Layr-Labs/eigenx-kms-go/pkg/merkle/merkle.go:39.28,42.45 2 78
github.com/Layr-Labs/eigenx-kms-go/pkg/merkle/merkle.go:42.45,47.31 3 586
github.com/Layr-Labs/eigenx-kms-go/pkg/merkle/merkle.go:47.31,49.5 1 563
github.com/Layr-Labs/eigenx-kms-go/pkg/merkle/merkle.go:49.10,51.5 1 23
github.com/Layr-Labs/eigenx-kms-go/pkg/merkle/merkle.go:54.4,55.41 2 586
github.com/Layr-Labs/eigenx-kms-go/pkg/merkle/merkle.go:58.3,59.27 2 78
github.com/Layr-Labs/eigenx-kms-go/pkg/merkle/merkle.go:63.2,63.28 1 24
github.com/Layr-Labs/eigenx-kms-go/pkg/merkle/merkle.go:63.28,65.3 1 0
github.com/Layr-Labs/eigenx-kms-go/pkg/merkle/merkle.go:67.2,73.8 2 24
github.com/Layr-Labs/eigenx-kms-go/pkg/merkle/merkle.go:78.74,79.50 1 80
github.com/Layr-Labs/eigenx-kms-go/pkg/merkle/merkle.go:79.50,81.3 1 2
github.com/Layr-Labs/eigenx-kms-go/pkg/merkle/merkle.go:83.2,87.52 3 78
github.com/Layr-Labs/eigenx-kms-go/pkg/merkle/merkle.go:87.52,92.19 3 294
github.com/Layr-Labs/eigenx-kms-go/pkg/merkle/merkle.go:92.19,95.4 1 177
github.com/Layr-Labs/eigenx-kms-go/pkg/merkle/merkle.go:95.9,98.4 1 117
github.com/Layr-Labs/eigenx-kms-go/pkg/merkle/merkle.go:101.3,101.40 1 294
github.com/Layr-Labs/eigenx-kms-go/pkg/merkle/merkle.go:101.40,103.4 1 12
github.com/Layr-Labs/eigenx-kms-go/pkg/merkle/merkle.go:105.3,108.20 2 294
github.com/Layr-Labs/eigenx-kms-go/pkg/merkle/merkle.go:111.2,115.8 1 78
github.com/Layr-Labs/eigenx-kms-go/pkg/merkle/merkle.go:120.58,121.18 1 73
github.com/Layr-Labs/eigenx-kms-go/pkg/merkle/merkle.go:121.18,123.3 1 1
github.com/Layr-Labs/eigenx-kms-go/pkg/merkle/merkle.go:126.2,130.42 3 72
github.com/Layr-Labs/eigenx-kms-go/pkg/merkle/merkle.go:130.42,131.19 1 277
github.com/Layr-Labs/eigenx-kms-go/pkg/merkle/merkle.go:131.19,134.4 1 160
github.com/Layr-Labs/eigenx-kms-go/pkg/merkle/merkle.go:134.9,137.4 1 117
github.com/Layr-Labs/eigenx-kms-go/pkg/merkle/merkle.go:140.3,140.20 1 277
github.com/Layr-Labs/eigenx-kms-go/pkg/merkle/merkle.go:144.2,144.28 1 72
github.com/Layr-Labs/eigenx-kms-go/pkg/merkle/merkle.go:153.63,171.2 8 591
github.com/Layr-Labs/eigenx-kms-go/pkg/merkle/merkle.go:175.83,181.41 3 27
github.com/Layr-Labs/eigenx-kms-go/pkg/merkle/merkle.go:181.41,183.3 1 676
github.com/Layr-Labs/eigenx-kms-go/pkg/merkle/merkle.go:185.2,185.15 1 27
github.com/Layr-Labs/eigenx-kms-go/pkg/merkle/merkle.go:190.46,197.2 5 865
