mode: atomic
github.com/Layr-Labs/eigenx-kms-go/pkg/crypto/bls.go:22.13,29.2 4 1
github.com/Layr-Labs/eigenx-kms-go/pkg/crypto/bls.go:32.73,35.16 2 43
github.com/Layr-Labs/eigenx-kms-go/pkg/crypto/bls.go:35.16,38.3 1 0
github.com/Layr-Labs/eigenx-kms-go/pkg/crypto/bls.go:41.2,42.16 2 43
github.com/Layr-Labs/eigenx-kms-go/pkg/crypto/bls.go:42.16,44.3 1 0
github.com/Layr-Labs/eigenx-kms-go/pkg/crypto/bls.go:47.2,48.34 2 43
github.com/Layr-Labs/eigenx-kms-go/pkg/crypto/bls.go:52.73,55.16 2 29
github.com/Layr-Labs/eigenx-kms-go/pkg/crypto/bls.go:55.16,58.3 1 0
github.com/Layr-Labs/eigenx-kms-go/pkg/crypto/bls.go:61.2,62.16 2 29
github.com/Layr-Labs/eigenx-kms-go/pkg/crypto/bls.go:62.16,64.3 1 0
github.com/Layr-Labs/eigenx-kms-go/pkg/crypto/bls.go:67.2,68.34 2 29
github.com/Layr-Labs/eigenx-kms-go/pkg/crypto/bls.go:72.46,77.17 3 21
github.com/Layr-Labs/eigenx-kms-go/pkg/crypto/bls.go:77.17,79.3 1 0
github.com/Layr-Labs/eigenx-kms-go/pkg/crypto/bls.go:80.2,80.17 1 21
github.com/Layr-Labs/eigenx-kms-go/pkg/crypto/bls.go:80.17,82.3 1 0
github.com/Layr-Labs/eigenx-kms-go/pkg/crypto/bls.go:85.2,86.16 2 21
github.com/Layr-Labs/eigenx-kms-go/pkg/crypto/bls.go:86.16,88.3 1 0
github.com/Layr-Labs/eigenx-kms-go/pkg/crypto/bls.go:91.2,92.34 2 21
github.com/Layr-Labs/eigenx-kms-go/pkg/crypto/bls.go:96.46,101.17 3 16
github.com/Layr-Labs/eigenx-kms-go/pkg/crypto/bls.go:101.17,103.3 1 0
github.com/Layr-Labs/eigenx-kms-go/pkg/crypto/bls.go:104.2,104.17 1 16
github.com/Layr-Labs/eigenx-kms-go/pkg/crypto/bls.go:104.17,106.3 1 0
github.com/Layr-Labs/eigenx-kms-go/pkg/crypto/bls.go:109.2,110.16 2 16
github.com/Layr-Labs/eigenx-kms-go/pkg/crypto/bls.go:110.16,112.3 1 0
github.com/Layr-Labs/eigenx-kms-go/pkg/crypto/bls.go:115.2,116.34 2 16
github.com/Layr-Labs/eigenx-kms-go/pkg/crypto/bls.go:120.45,125.32 3 4
github.com/Layr-Labs/eigenx-kms-go/pkg/crypto/bls.go:125.32,128.3 1 0
github.com/Layr-Labs/eigenx-kms-go/pkg/crypto/bls.go:130.2,130.29 1 4
github.com/Layr-Labs/eigenx-kms-go/pkg/crypto/bls.go:134.43,136.16 2 36
github.com/Layr-Labs/eigenx-kms-go/pkg/crypto/bls.go:136.16,138.3 1 0
github.com/Layr-Labs/eigenx-kms-go/pkg/crypto/bls.go:139.2,140.34 2 36
github.com/Layr-Labs/eigenx-kms-go/pkg/crypto/bls.go:144.59,146.32 2 3
github.com/Layr-Labs/eigenx-kms-go/pkg/crypto/bls.go:146.32,149.3 1 5
github.com/Layr-Labs/eigenx-kms-go/pkg/crypto/bls.go:150.2,150.29 1 3
github.com/Layr-Labs/eigenx-kms-go/pkg/crypto/bls.go:154.74,156.2 1 41
github.com/Layr-Labs/eigenx-kms-go/pkg/crypto/bls.go:159.72,161.2 1 41
github.com/Layr-Labs/eigenx-kms-go/pkg/crypto/bls.go:164.60,166.2 1 2
github.com/Layr-Labs/eigenx-kms-go/pkg/crypto/bls.go:169.105,171.30 2 6
github.com/Layr-Labs/eigenx-kms-go/pkg/crypto/bls.go:171.30,173.37 2 18
github.com/Layr-Labs/eigenx-kms-go/pkg/crypto/bls.go:173.37,174.9 1 2
github.com/Layr-Labs/eigenx-kms-go/pkg/crypto/bls.go:178.2,180.34 2 6
github.com/Layr-Labs/eigenx-kms-go/pkg/crypto/bls.go:180.34,184.3 3 18
github.com/Layr-Labs/eigenx-kms-go/pkg/crypto/bls.go:186.2,186.15 1 6
github.com/Layr-Labs/eigenx-kms-go/pkg/crypto/bls.go:190.77,193.45 2 2
github.com/Layr-Labs/eigenx-kms-go/pkg/crypto/bls.go:193.45,194.27 1 8
github.com/Layr-Labs/eigenx-kms-go/pkg/crypto/bls.go:194.27,196.4 1 8
github.com/Layr-Labs/eigenx-kms-go/pkg/crypto/bls.go:199.2,199.17 1 2
github.com/Layr-Labs/eigenx-kms-go/pkg/crypto/bls.go:203.98,206.32 2 0
github.com/Layr-Labs/eigenx-kms-go/pkg/crypto/bls.go:206.32,208.17 2 0
github.com/Layr-Labs/eigenx-kms-go/pkg/crypto/bls.go:208.17,210.4 1 0
github.com/Layr-Labs/eigenx-kms-go/pkg/crypto/bls.go:211.3,211.30 1 0
github.com/Layr-Labs/eigenx-kms-go/pkg/crypto/bls.go:215.2,216.16 2 0
github.com/Layr-Labs/eigenx-kms-go/pkg/crypto/bls.go:216.16,218.3 1 0
github.com/Layr-Labs/eigenx-kms-go/pkg/crypto/bls.go:219.2,219.14 1 0
github.com/Layr-Labs/eigenx-kms-go/pkg/crypto/bls.go:224.50,227.2 1 3
github.com/Layr-Labs/eigenx-kms-go/pkg/crypto/bls.go:231.95,236.2 1 0
github.com/Layr-Labs/eigenx-kms-go/pkg/crypto/bls.go:241.99,258.30 5 2
github.com/Layr-Labs/eigenx-kms-go/pkg/crypto/bls.go:258.30,260.3 1 62
github.com/Layr-Labs/eigenx-kms-go/pkg/crypto/bls.go:262.2,263.23 2 2
github.com/Layr-Labs/eigenx-kms-go/pkg/crypto/bls.go:267.98,277.31 4 4
github.com/Layr-Labs/eigenx-kms-go/pkg/crypto/bls.go:277.31,279.3 1 124
github.com/Layr-Labs/eigenx-kms-go/pkg/crypto/bls.go:281.2,282.23 2 4
github.com/Layr-Labs/eigenx-kms-go/pkg/crypto/bls.go:287.50,295.2 3 6
github.com/Layr-Labs/eigenx-kms-go/pkg/crypto/bls.go:300.72,332.2 17 12
github.com/Layr-Labs/eigenx-kms-go/pkg/crypto/bls.go:335.42,338.2 2 23
